=/pretest.json
{
  _: [],
  f: [
    '/home/runner/work/exp-e-plane-tee-h-plane-tee-magic-tee-iitr/exp-e-plane-tee-h-plane-tee-magic-tee-iitr/experiment/pretest.json'
  ],
  files: [
    '/home/runner/work/exp-e-plane-tee-h-plane-tee-magic-tee-iitr/exp-e-plane-tee-h-plane-tee-magic-tee-iitr/experiment/pretest.json'
  ],
  c: 'assessment',
  contentTypes: 'assessment',
  'content-types': 'assessment',
  '$0': 'validate'
}
Validated true
=/posttest.json
{
  _: [],
  f: [
    '/home/runner/work/exp-e-plane-tee-h-plane-tee-magic-tee-iitr/exp-e-plane-tee-h-plane-tee-magic-tee-iitr/experiment/posttest.json'
  ],
  files: [
    '/home/runner/work/exp-e-plane-tee-h-plane-tee-magic-tee-iitr/exp-e-plane-tee-h-plane-tee-magic-tee-iitr/experiment/posttest.json'
  ],
  c: 'assessment',
  contentTypes: 'assessment',
  'content-types': 'assessment',
  '$0': 'validate'
}
Validated true
